<?xml version="1.0" encoding="utf-8"?><testsuites name="pytest tests"><testsuite name="pytest" errors="0" failures="0" skipped="0" tests="8" time="1.402" timestamp="2026-01-27T14:16:44.011415-08:00" hostname="GASUS23"><testcase classname="test_hil_loopback.TestIdentity" name="test_identity_returns_correct_version" time="0.116" /><testcase classname="test_hil_loopback.TestGPIOLoopback" name="test_set_high_read_high" time="0.114" /><testcase classname="test_hil_loopback.TestGPIOLoopback" name="test_set_low_read_low" time="0.106" /><testcase classname="test_hil_loopback.TestGPIOLoopback" name="test_toggle_sequence" time="0.113" /><testcase classname="test_hil_loopback.TestStatus" name="test_status_returns_uptime_and_count" time="0.106" /><testcase classname="test_hil_loopback.TestStatus" name="test_uptime_increases" time="0.610" /><testcase classname="test_hil_loopback.TestErrorHandling" name="test_invalid_command_returns_error" time="0.106" /><testcase classname="test_hil_loopback.TestErrorHandling" name="test_device_responds_after_error" time="0.110" /></testsuite></testsuites>